<?xml version="1.0" encoding="UTF-8"?>
<!DOCTYPE mapper PUBLIC "-//mybatis.org//DTD Mapper 3.0//EN" "http://mybatis.org/dtd/mybatis-3-mapper.dtd">
<mapper namespace="yh">

<select id="login" resultType='and.testVO'>
select * 
from TBL_EMP
where emp_no = #{emp_no} and emp_pw = #{emp_pw}
</select>



</mapper>